<?xml version="1.0" encoding="UTF-8"?>
<!-- Generated by org.testng.reporters.JUnitXMLReporter -->
<testsuite hostname="MacBookPros-MacBook-Pro.local" failures="0" tests="2" name="Login Test" time="13.555" errors="0" timestamp="18 May 2019 04:06:46 GMT">
  <testcase classname="com.selenium.frs.project.testcases.LoginTest" name="doLoginTest" time="0.014">
    <skipped/>
  </testcase> <!-- doLoginTest -->
  <testcase classname="com.selenium.frs.project.testcases.LoginTest" name="doLoginTest" time="12.252"/>
</testsuite> <!-- Login Test -->
